

HI-TECH Software PIC LITE Macro Assembler V9.83 build 10920 
                                                                                               Mon Oct 22 04:36:34 2018

HI-TECH Software Omniscient Code Generator (Lite mode) build 10920
     1  0000                     opt subtitle "HI-TECH Software Omniscient Code Generator (Lite mode) build 10920"
     2                           
     3                           opt pagewidth 120
     4                           
     5                           	opt lm
     6                           
     7                           	processor	16F877A
     8                           clrc	macro
     9                           	bcf	3,0
    10  0000                     	endm
    11                           clrz	macro
    12                           	bcf	3,2
    13  0000                     	endm
    14                           setc	macro
    15                           	bsf	3,0
    16  0000                     	endm
    17                           setz	macro
    18                           	bsf	3,2
    19  0000                     	endm
    20                           skipc	macro
    21                           	btfss	3,0
    22  0000                     	endm
    23                           skipz	macro
    24                           	btfss	3,2
    25  0000                     	endm
    26                           skipnc	macro
    27                           	btfsc	3,0
    28  0000                     	endm
    29                           skipnz	macro
    30                           	btfsc	3,2
    31  0000                     	endm
    32  0000                     indf	equ	0
    33  0000                     indf0	equ	0
    34  0002                     pc	equ	2
    35  0002                     pcl	equ	2
    36  0003                     status	equ	3
    37  0004                     fsr	equ	4
    38  0004                     fsr0	equ	4
    39  0001                     c	equ	1
    40  0000                     z	equ	0
    41  000A                     pclath	equ	10
    42                           # 4 "D:\SRIDHAR\02-LYCASOFT EMBEDDED CODING\02-PIC 16F877A CODING\05-LED WITH SWITCH 2\C
                                 ODE\LED WITH SWITCH 2.c"
    43                           	psect config,class=CONFIG,delta=2 ;#
    44                           # 4 "D:\SRIDHAR\02-LYCASOFT EMBEDDED CODING\02-PIC 16F877A CODING\05-LED WITH SWITCH 2\C
                                 ODE\LED WITH SWITCH 2.c"
    45  2007  3F3A               	dw 0X3F3A ;#
    46                           	FNROOT	_main
    47                           	global	_PORTB
    48                           psect	maintext,global,class=CODE,delta=2
    49                           global __pmaintext
    50  07E5                     __pmaintext:
    51  0006                     _PORTB	set	6
    52                           	global	_CARRY
    53  0018                     _CARRY	set	24
    54                           	global	_GIE
    55  005F                     _GIE	set	95
    56                           	global	_RB0
    57  0030                     _RB0	set	48
    58                           	global	_RB1
    59  0031                     _RB1	set	49
    60                           	global	_TRISB
    61  0086                     _TRISB	set	134
    62                           	global	_EEADR
    63  010D                     _EEADR	set	269
    64                           	global	_EEDATA
    65  010C                     _EEDATA	set	268
    66                           	global	_EECON1
    67  018C                     _EECON1	set	396
    68                           	global	_EECON2
    69  018D                     _EECON2	set	397
    70                           	global	_RD
    71  0C60                     _RD	set	3168
    72                           	global	_WR
    73  0C61                     _WR	set	3169
    74                           	global	_WREN
    75  0C62                     _WREN	set	3170
    76                           	file	"LED WITH SWITCH 2.as"
    77                           	line	#
    78                           psect cinit,class=CODE,delta=2
    79                           global start_initialization
    80  07E1                     start_initialization:
    81                           
    82                           psect cinit,class=CODE,delta=2
    83                           global end_of_initialization
    84                           
    85                           ;End of C runtime variable initialization code
    86                           
    87  07E1                     end_of_initialization:
    88  07E1  0183               clrf status
    89  07E2  120A  118A  2FE5   ljmp _main	;jump to C main() function
    90                           psect	cstackCOMMON,class=COMMON,space=1
    91                           global __pcstackCOMMON
    92  0000                     __pcstackCOMMON:
    93                           	global	?_main
    94  0000                     ?_main:	; 0 bytes @ 0x0
    95                           	global	??_main
    96  0000                     ??_main:	; 0 bytes @ 0x0
    97 ;;Data sizes: Strings 0, constant 0, data 0, bss 0, persistent 0 stack 0
    98 ;;Auto spaces:   Size  Autos    Used
    99 ;; COMMON          14      0       0
   100 ;; BANK0           80      0       0
   101 ;; BANK1           80      0       0
   102 ;; BANK3           96      0       0
   103 ;; BANK2           96      0       0
   104                           
   105 ;;
   106 ;; Pointer list with targets:
   107                           
   108                           
   109                           
   110 ;;
   111 ;; Critical Paths under _main in COMMON
   112 ;;
   113 ;;   None.
   114 ;;
   115 ;; Critical Paths under _main in BANK0
   116 ;;
   117 ;;   None.
   118 ;;
   119 ;; Critical Paths under _main in BANK1
   120 ;;
   121 ;;   None.
   122 ;;
   123 ;; Critical Paths under _main in BANK3
   124 ;;
   125 ;;   None.
   126 ;;
   127 ;; Critical Paths under _main in BANK2
   128 ;;
   129 ;;   None.
   130                           
   131 ;;
   132 ;;Main: autosize = 0, tempsize = 0, incstack = 0, save=0
   133 ;;
   134                           
   135 ;;
   136 ;;Call Graph Tables:
   137 ;;
   138 ;; ---------------------------------------------------------------------------------
   139 ;; (Depth) Function   	        Calls       Base Space   Used Autos Params    Refs
   140 ;; ---------------------------------------------------------------------------------
   141 ;; (0) _main                                                 0     0      0       0
   142 ;; ---------------------------------------------------------------------------------
   143 ;; Estimated maximum stack depth 0
   144 ;; ---------------------------------------------------------------------------------
   145                           
   146 ;; Call Graph Graphs:
   147                           
   148 ;; _main (ROOT)
   149 ;;
   150                           
   151 ;; Address spaces:
   152                           
   153 ;;Name               Size   Autos  Total    Cost      Usage
   154 ;;BITCOMMON            E      0       0       0        0.0%
   155 ;;EEDATA             100      0       0       0        0.0%
   156 ;;NULL                 0      0       0       0        0.0%
   157 ;;CODE                 0      0       0       0        0.0%
   158 ;;COMMON               E      0       0       1        0.0%
   159 ;;BITSFR0              0      0       0       1        0.0%
   160 ;;SFR0                 0      0       0       1        0.0%
   161 ;;BITSFR1              0      0       0       2        0.0%
   162 ;;SFR1                 0      0       0       2        0.0%
   163 ;;STACK                0      0       0       2        0.0%
   164 ;;ABS                  0      0       0       3        0.0%
   165 ;;BITBANK0            50      0       0       4        0.0%
   166 ;;BITSFR3              0      0       0       4        0.0%
   167 ;;SFR3                 0      0       0       4        0.0%
   168 ;;BANK0               50      0       0       5        0.0%
   169 ;;BITSFR2              0      0       0       5        0.0%
   170 ;;SFR2                 0      0       0       5        0.0%
   171 ;;BITBANK1            50      0       0       6        0.0%
   172 ;;BANK1               50      0       0       7        0.0%
   173 ;;BITBANK3            60      0       0       8        0.0%
   174 ;;BANK3               60      0       0       9        0.0%
   175 ;;BITBANK2            60      0       0      10        0.0%
   176 ;;BANK2               60      0       0      11        0.0%
   177 ;;DATA                 0      0       0      12        0.0%
   178                           
   179                           	global	_main
   180                           psect	maintext
   181                           
   182 ;; *************** function _main *****************
   183 ;; Defined at:
   184 ;;		line 11 in file "D:\SRIDHAR\02-LYCASOFT EMBEDDED CODING\02-PIC 16F877A CODING\05-LED WITH SWITCH 2\CODE\LED WITH SWI
       TCH 2.c"
   185 ;; Parameters:    Size  Location     Type
   186 ;;		None
   187 ;; Auto vars:     Size  Location     Type
   188 ;;		None
   189 ;; Return value:  Size  Location     Type
   190 ;;		None               void
   191 ;; Registers used:
   192 ;;		wreg, status,2
   193 ;; Tracked objects:
   194 ;;		On entry : 17F/0
   195 ;;		On exit  : 0/0
   196 ;;		Unchanged: 0/0
   197 ;; Data sizes:     COMMON   BANK0   BANK1   BANK3   BANK2
   198 ;;      Params:         0       0       0       0       0
   199 ;;      Locals:         0       0       0       0       0
   200 ;;      Temps:          0       0       0       0       0
   201 ;;      Totals:         0       0       0       0       0
   202 ;;Total ram usage:        0 bytes
   203 ;; This function calls:
   204 ;;		Nothing
   205 ;; This function is called by:
   206 ;;		Startup code after reset
   207 ;; This function uses a non-reentrant model
   208 ;;
   209                           psect	maintext
   210                           	file	"D:\SRIDHAR\02-LYCASOFT EMBEDDED CODING\02-PIC 16F877A CODING\05-LED WITH SWITCH 2
                                 \CODE\LED WITH SWITCH 2.c"
   211                           	line	11
   212                           	global	__size_of_main
   213  001B                     	__size_of_main	equ	__end_of_main-_main
   214                           	
   215  07E5                     _main:	
   216                           	opt	stack 8
   217                           ; Regs used in _main: [wreg+status,2]
   218                           	line	12
   219                           	
   220  07E5                     l1741:	
   221                           ;LED WITH SWITCH 2.c: 12: TRISB=0X02;
   222  07E5  3002               	movlw	(02h)
   223  07E6  1683               	bsf	status, 5	;RP0=1, select bank1
   224  07E7  1303               	bcf	status, 6	;RP1=0, select bank1
   225  07E8  0086               	movwf	(134)^080h	;volatile
   226                           	line	13
   227                           	
   228  07E9                     l1743:	
   229                           ;LED WITH SWITCH 2.c: 13: PORTB=0X00;
   230  07E9  1283               	bcf	status, 5	;RP0=0, select bank0
   231  07EA  1303               	bcf	status, 6	;RP1=0, select bank0
   232  07EB  0186               	clrf	(6)	;volatile
   233  07EC  2FF6               	goto	l686
   234                           	line	15
   235                           ;LED WITH SWITCH 2.c: 15: while(1)
   236                           	
   237  07ED                     l685:	
   238                           	line	17
   239                           ;LED WITH SWITCH 2.c: 16: {
   240                           ;LED WITH SWITCH 2.c: 17: while(RB1==1)
   241  07ED  2FF6               	goto	l686
   242                           	
   243  07EE                     l687:	
   244                           	line	19
   245                           	
   246  07EE                     l1745:	
   247                           ;LED WITH SWITCH 2.c: 18: {
   248                           ;LED WITH SWITCH 2.c: 19: RB0=~RB0;
   249  07EE  3001               	movlw	1<<((48)&7)
   250  07EF  0686               	xorwf	((48)/8),f
   251                           	line	20
   252                           ;LED WITH SWITCH 2.c: 20: while(RB1==1);
   253  07F0  2FF1               	goto	l688
   254                           	
   255  07F1                     l689:	
   256                           	
   257  07F1                     l688:	
   258  07F1  1886               	btfsc	(49/8),(49)&7
   259  07F2  2FF4               	goto	u11
   260  07F3  2FF5               	goto	u10
   261  07F4                     u11:
   262  07F4  2FF1               	goto	l688
   263  07F5                     u10:
   264  07F5  2FF6               	goto	l686
   265                           	
   266  07F6                     l690:	
   267                           	line	21
   268                           	
   269  07F6                     l686:	
   270                           	line	17
   271  07F6  1886               	btfsc	(49/8),(49)&7
   272  07F7  2FF9               	goto	u21
   273  07F8  2FFA               	goto	u20
   274  07F9                     u21:
   275  07F9  2FEE               	goto	l1745
   276  07FA                     u20:
   277  07FA  2FF6               	goto	l686
   278                           	
   279  07FB                     l691:	
   280  07FB  2FF6               	goto	l686
   281                           	line	22
   282                           	
   283  07FC                     l692:	
   284                           	line	15
   285  07FC  2FF6               	goto	l686
   286                           	
   287  07FD                     l693:	
   288                           	line	23
   289                           	
   290  07FD                     l694:	
   291                           	global	start
   292  07FD  120A  118A  2800   	ljmp	start
   293                           	opt stack 0
   294                           GLOBAL	__end_of_main
   295  0800                     	__end_of_main:
   296 ;; =============== function _main ends ============
   297                           
   298                           	signat	_main,88
   299                           psect	maintext
   300                           	global	btemp
   301  007E                     	btemp set 07Eh
   302                           
   303                           	DABS	1,126,2	;btemp
   304                           	global	wtemp0
   305  007E                     	wtemp0 set btemp


HI-TECH Software PICC Macro Assembler V9.83 build 10920 
Symbol Table                                                                                   Mon Oct 22 04:36:34 2018

                  _RD 0C60                    u10 07F5                    u11 07F4                    u20 07FA  
                  u21 07F9                    _WR 0C61                   l690 07F6                   l691 07FB  
                 l692 07FC                   l693 07FD                   l685 07ED                   l694 07FD  
                 l686 07F6                   l687 07EE                   l688 07F1                   l689 07F1  
                 _GIE 005F                   _RB0 0030                   _RB1 0031                  l1741 07E5  
                l1743 07E9                  l1745 07EE                  _WREN 0C62                  _main 07E5  
                btemp 007E                  start 0000                 ?_main 0000                 _EEADR 010D  
               _CARRY 0018                 _PORTB 0006                 _TRISB 0086                 status 0003  
               wtemp0 007E          __end_of_main 0800                ??_main 0000                _EEDATA 010C  
              _EECON1 018C                _EECON2 018D        __pcstackCOMMON 0000            __pmaintext 07E5  
end_of_initialization 07E1   start_initialization 07E1         __size_of_main 001B  
